[debug] [2020-01-12T02:03:29.561Z] ----------------------------------------------------------------------
[debug] [2020-01-12T02:03:29.563Z] Command:       /usr/local/bin/node /usr/local/bin/firebase emulators:start
[debug] [2020-01-12T02:03:29.564Z] CLI Version:   7.9.0
[debug] [2020-01-12T02:03:29.564Z] Platform:      darwin
[debug] [2020-01-12T02:03:29.564Z] Node Version:  v10.13.0
[debug] [2020-01-12T02:03:29.570Z] Time:          Sun Jan 12 2020 02:03:29 GMT+0000 (Greenwich Mean Time)
[debug] [2020-01-12T02:03:29.570Z] ----------------------------------------------------------------------
[debug] [2020-01-12T02:03:29.570Z] 
[debug] [2020-01-12T02:03:29.586Z] > command requires scopes: ["email","openid","https://www.googleapis.com/auth/cloudplatformprojects.readonly","https://www.googleapis.com/auth/firebase","https://www.googleapis.com/auth/cloud-platform"]
[debug] [2020-01-12T02:03:29.586Z] > authorizing via signed-in user
[info] i  emulators: Starting emulators: database, hosting
[info] i  database: downloading firebase-database-emulator-v4.2.0.jar...
[debug] [2020-01-12T02:03:36.809Z] Ignoring unsupported arg: projectId
[debug] [2020-01-12T02:03:36.810Z] Ignoring unsupported arg: auto_download
[debug] [2020-01-12T02:03:36.810Z] Ignoring unsupported arg: rules
[debug] [2020-01-12T02:03:36.810Z] Starting emulator database with command {"binary":"java","args":["-Duser.language=en","-jar","/Users/Alex/.cache/firebase/emulators/firebase-database-emulator-v4.2.0.jar","--host","localhost","--port",9000],"optionalArgs":["port","host","functions_emulator_port","functions_emulator_host"],"joinArgs":false}
[info] i  database: Emulator logging to database-debug.log
[debug] [2020-01-12T02:03:38.690Z] 02:03:38.688 [NamespaceSystem-akka.actor.default-dispatcher-2] INFO akka.event.slf4j.Slf4jLogger - Slf4jLogger started

[debug] [2020-01-12T02:03:38.821Z] 02:03:38.821 [main] INFO com.firebase.server.forge.App$ - Listening at localhost:9000

[info] ✔  database: Emulator started at http://localhost:9000
[info] i  database: For testing set FIREBASE_DATABASE_EMULATOR_HOST=localhost:9000
[debug] [2020-01-12T02:03:39.117Z] > refreshing access token with scopes: ["email","https://www.googleapis.com/auth/cloud-platform","https://www.googleapis.com/auth/cloudplatformprojects.readonly","https://www.googleapis.com/auth/firebase","openid"]
[debug] [2020-01-12T02:03:39.117Z] >>> HTTP REQUEST POST https://www.googleapis.com/oauth2/v3/token  
 <request body omitted>
[debug] [2020-01-12T02:03:39.273Z] <<< HTTP RESPONSE 200
[debug] [2020-01-12T02:03:39.291Z] >>> HTTP REQUEST GET https://firebase.googleapis.com/v1beta1/projects/plugboy/webApps/-/config  
 
[debug] [2020-01-12T02:03:40.013Z] <<< HTTP RESPONSE 200
[info] i  hosting: Serving hosting files from: public
[info] ✔  hosting: Local server: http://localhost:5000
[info] ✔  hosting: Emulator started at http://localhost:5000
[info] ✔  All emulators started, it is now safe to connect.
